2020-01-23 09:44:21.302  WARN 3236 --- [main] o.m.s.mapper.ClassPathMapperScanner      : No MyBatis mapper was found in '[com.backstage]' package. Please check your configuration.
2020-01-23 09:44:21.677  INFO 3236 --- [main] trationDelegate$BeanPostProcessorChecker : Bean 'shiroConfig' of type [com.backstage.config.shiro.shiroConfig$$EnhancerBySpringCGLIB$$5c80b6f8] is not eligible for getting processed by all BeanPostProcessors (for example: not eligible for auto-proxying)
2020-01-23 09:44:22.737  INFO 3236 --- [main] trationDelegate$BeanPostProcessorChecker : Bean 'mybatis-tk.mybatis.mapper.autoconfigure.MybatisProperties' of type [tk.mybatis.mapper.autoconfigure.MybatisProperties] is not eligible for getting processed by all BeanPostProcessors (for example: not eligible for auto-proxying)
2020-01-23 09:44:22.757  INFO 3236 --- [main] trationDelegate$BeanPostProcessorChecker : Bean 'tk.mybatis.mapper.autoconfigure.MapperAutoConfiguration' of type [tk.mybatis.mapper.autoconfigure.MapperAutoConfiguration$$EnhancerBySpringCGLIB$$ad5c73de] is not eligible for getting processed by all BeanPostProcessors (for example: not eligible for auto-proxying)
2020-01-23 09:44:22.762  INFO 3236 --- [main] trationDelegate$BeanPostProcessorChecker : Bean 'druidConfig' of type [com.backstage.config.druidConfig$$EnhancerBySpringCGLIB$$bf5fb786] is not eligible for getting processed by all BeanPostProcessors (for example: not eligible for auto-proxying)
2020-01-23 09:44:22.823  INFO 3236 --- [main] trationDelegate$BeanPostProcessorChecker : Bean 'druid' of type [com.alibaba.druid.pool.DruidDataSource] is not eligible for getting processed by all BeanPostProcessors (for example: not eligible for auto-proxying)
2020-01-23 09:44:22.950  INFO 3236 --- [main] trationDelegate$BeanPostProcessorChecker : Bean 'sqlSessionFactory' of type [org.apache.ibatis.session.defaults.DefaultSqlSessionFactory] is not eligible for getting processed by all BeanPostProcessors (for example: not eligible for auto-proxying)
2020-01-23 09:44:22.955  INFO 3236 --- [main] trationDelegate$BeanPostProcessorChecker : Bean 'sqlSessionTemplate' of type [org.mybatis.spring.SqlSessionTemplate] is not eligible for getting processed by all BeanPostProcessors (for example: not eligible for auto-proxying)
2020-01-23 09:44:23.113  INFO 3236 --- [main] trationDelegate$BeanPostProcessorChecker : Bean 'sysUserMapper' of type [tk.mybatis.spring.mapper.MapperFactoryBean] is not eligible for getting processed by all BeanPostProcessors (for example: not eligible for auto-proxying)
2020-01-23 09:44:23.115  INFO 3236 --- [main] trationDelegate$BeanPostProcessorChecker : Bean 'sysUserMapper' of type [com.sun.proxy.$Proxy74] is not eligible for getting processed by all BeanPostProcessors (for example: not eligible for auto-proxying)
2020-01-23 09:44:23.149  INFO 3236 --- [main] trationDelegate$BeanPostProcessorChecker : Bean 'sysUserRoleMapper' of type [tk.mybatis.spring.mapper.MapperFactoryBean] is not eligible for getting processed by all BeanPostProcessors (for example: not eligible for auto-proxying)
2020-01-23 09:44:23.160  INFO 3236 --- [main] trationDelegate$BeanPostProcessorChecker : Bean 'sysUserRoleMapper' of type [com.sun.proxy.$Proxy77] is not eligible for getting processed by all BeanPostProcessors (for example: not eligible for auto-proxying)
2020-01-23 09:44:23.160  INFO 3236 --- [main] trationDelegate$BeanPostProcessorChecker : Bean 'sysUserRoleServiceImpl' of type [com.backstage.service.impl.SysUserRoleServiceImpl] is not eligible for getting processed by all BeanPostProcessors (for example: not eligible for auto-proxying)
2020-01-23 09:44:23.160  INFO 3236 --- [main] trationDelegate$BeanPostProcessorChecker : Bean 'sysUserServiceImpl' of type [com.backstage.service.impl.SysUserServiceImpl] is not eligible for getting processed by all BeanPostProcessors (for example: not eligible for auto-proxying)
2020-01-23 09:44:23.209  INFO 3236 --- [main] trationDelegate$BeanPostProcessorChecker : Bean 'sysRoleMapper' of type [tk.mybatis.spring.mapper.MapperFactoryBean] is not eligible for getting processed by all BeanPostProcessors (for example: not eligible for auto-proxying)
2020-01-23 09:44:23.209  INFO 3236 --- [main] trationDelegate$BeanPostProcessorChecker : Bean 'sysRoleMapper' of type [com.sun.proxy.$Proxy78] is not eligible for getting processed by all BeanPostProcessors (for example: not eligible for auto-proxying)
2020-01-23 09:44:23.249  INFO 3236 --- [main] trationDelegate$BeanPostProcessorChecker : Bean 'sysRolePermissionMapper' of type [tk.mybatis.spring.mapper.MapperFactoryBean] is not eligible for getting processed by all BeanPostProcessors (for example: not eligible for auto-proxying)
2020-01-23 09:44:23.249  INFO 3236 --- [main] trationDelegate$BeanPostProcessorChecker : Bean 'sysRolePermissionMapper' of type [com.sun.proxy.$Proxy79] is not eligible for getting processed by all BeanPostProcessors (for example: not eligible for auto-proxying)
2020-01-23 09:44:23.249  INFO 3236 --- [main] trationDelegate$BeanPostProcessorChecker : Bean 'sysRoleServiceImpl' of type [com.backstage.service.impl.SysRoleServiceImpl] is not eligible for getting processed by all BeanPostProcessors (for example: not eligible for auto-proxying)
2020-01-23 09:44:23.300  INFO 3236 --- [main] trationDelegate$BeanPostProcessorChecker : Bean 'sysPermissionMapper' of type [tk.mybatis.spring.mapper.MapperFactoryBean] is not eligible for getting processed by all BeanPostProcessors (for example: not eligible for auto-proxying)
2020-01-23 09:44:23.302  INFO 3236 --- [main] trationDelegate$BeanPostProcessorChecker : Bean 'sysPermissionMapper' of type [com.sun.proxy.$Proxy80] is not eligible for getting processed by all BeanPostProcessors (for example: not eligible for auto-proxying)
2020-01-23 09:44:23.302  INFO 3236 --- [main] trationDelegate$BeanPostProcessorChecker : Bean 'sysPermissionServiceImpl' of type [com.backstage.service.impl.SysPermissionServiceImpl] is not eligible for getting processed by all BeanPostProcessors (for example: not eligible for auto-proxying)
2020-01-23 09:44:23.302  INFO 3236 --- [main] trationDelegate$BeanPostProcessorChecker : Bean 'sysRolePermissionServiceImpl' of type [com.backstage.service.impl.SysRolePermissionServiceImpl] is not eligible for getting processed by all BeanPostProcessors (for example: not eligible for auto-proxying)
2020-01-23 09:44:23.302  INFO 3236 --- [main] trationDelegate$BeanPostProcessorChecker : Bean 'myShiroRealm' of type [com.backstage.config.shiro.CustomRealm] is not eligible for getting processed by all BeanPostProcessors (for example: not eligible for auto-proxying)
2020-01-23 09:44:23.302  INFO 3236 --- [main] trationDelegate$BeanPostProcessorChecker : Bean 'securityManager' of type [org.apache.shiro.web.mgt.DefaultWebSecurityManager] is not eligible for getting processed by all BeanPostProcessors (for example: not eligible for auto-proxying)
2020-01-23 09:44:23.351  INFO 3236 --- [main] trationDelegate$BeanPostProcessorChecker : Bean 'authorizationAttributeSourceAdvisor' of type [org.apache.shiro.spring.security.interceptor.AuthorizationAttributeSourceAdvisor] is not eligible for getting processed by all BeanPostProcessors (for example: not eligible for auto-proxying)
2020-01-23 09:44:23.389  INFO 3236 --- [main] trationDelegate$BeanPostProcessorChecker : Bean 'org.springframework.transaction.annotation.ProxyTransactionManagementConfiguration' of type [org.springframework.transaction.annotation.ProxyTransactionManagementConfiguration] is not eligible for getting processed by all BeanPostProcessors (for example: not eligible for auto-proxying)
2020-01-23 09:44:23.919  INFO 3236 --- [main] o.s.b.w.embedded.tomcat.TomcatWebServer  : Tomcat initialized with port(s): 8080 (http)
2020-01-23 09:44:23.927  INFO 3236 --- [main] o.apache.catalina.core.StandardService   : Starting service [Tomcat]
2020-01-23 09:44:23.927  INFO 3236 --- [main] org.apache.catalina.core.StandardEngine  : Starting Servlet engine: [Apache Tomcat/9.0.29]
2020-01-23 09:44:23.928  INFO 3236 --- [main] o.a.catalina.core.AprLifecycleListener   : Loaded APR based Apache Tomcat Native library [1.2.23] using APR version [1.7.0].
2020-01-23 09:44:23.928  INFO 3236 --- [main] o.a.catalina.core.AprLifecycleListener   : APR capabilities: IPv6 [true], sendfile [true], accept filters [false], random [true].
2020-01-23 09:44:23.929  INFO 3236 --- [main] o.a.catalina.core.AprLifecycleListener   : APR/OpenSSL configuration: useAprConnector [false], useOpenSSL [true]
2020-01-23 09:44:23.933  INFO 3236 --- [main] o.a.catalina.core.AprLifecycleListener   : OpenSSL successfully initialized [OpenSSL 1.1.1c  28 May 2019]
2020-01-23 09:44:24.134  INFO 3236 --- [main] o.a.c.c.C.[Tomcat].[localhost].[/]       : Initializing Spring embedded WebApplicationContext
2020-01-23 09:44:24.134  INFO 3236 --- [main] o.s.web.context.ContextLoader            : Root WebApplicationContext: initialization completed in 4000 ms
2020-01-23 09:44:24.645  INFO 3236 --- [main] o.s.s.concurrent.ThreadPoolTaskExecutor  : Initializing ExecutorService 'applicationTaskExecutor'
2020-01-23 09:44:24.957  INFO 3236 --- [main] t.m.m.autoconfigure.MapperCacheDisabler  : Clear tk.mybatis.mapper.util.MsUtil CLASS_CACHE cache.
2020-01-23 09:44:24.958  INFO 3236 --- [main] t.m.m.autoconfigure.MapperCacheDisabler  : Clear tk.mybatis.mapper.genid.GenIdUtil CACHE cache.
2020-01-23 09:44:24.958  INFO 3236 --- [main] t.m.m.autoconfigure.MapperCacheDisabler  : Clear tk.mybatis.mapper.version.VersionUtil CACHE cache.
2020-01-23 09:44:24.958  INFO 3236 --- [main] t.m.m.autoconfigure.MapperCacheDisabler  : Clear EntityHelper entityTableMap cache.
2020-01-23 09:44:25.149  INFO 3236 --- [main] o.s.b.w.embedded.tomcat.TomcatWebServer  : Tomcat started on port(s): 8080 (http) with context path ''
2020-01-23 09:51:55.961  INFO 3236 --- [http-nio-8080-exec-1] o.a.c.c.C.[Tomcat].[localhost].[/]       : Initializing Spring DispatcherServlet 'dispatcherServlet'
2020-01-23 09:51:55.961  INFO 3236 --- [http-nio-8080-exec-1] o.s.web.servlet.DispatcherServlet        : Initializing Servlet 'dispatcherServlet'
2020-01-23 09:51:55.970  INFO 3236 --- [http-nio-8080-exec-1] o.s.web.servlet.DispatcherServlet        : Completed initialization in 9 ms
2020-01-23 09:52:05.441  INFO 3236 --- [http-nio-8080-exec-6] com.alibaba.druid.pool.DruidDataSource   : {dataSource-1} inited
2020-01-23 09:55:40.236  WARN 18776 --- [main] o.m.s.mapper.ClassPathMapperScanner      : No MyBatis mapper was found in '[com.backstage]' package. Please check your configuration.
2020-01-23 09:55:40.414  INFO 18776 --- [main] trationDelegate$BeanPostProcessorChecker : Bean 'shiroConfig' of type [com.backstage.config.shiro.shiroConfig$$EnhancerBySpringCGLIB$$83620880] is not eligible for getting processed by all BeanPostProcessors (for example: not eligible for auto-proxying)
2020-01-23 09:55:41.304  INFO 18776 --- [main] trationDelegate$BeanPostProcessorChecker : Bean 'mybatis-tk.mybatis.mapper.autoconfigure.MybatisProperties' of type [tk.mybatis.mapper.autoconfigure.MybatisProperties] is not eligible for getting processed by all BeanPostProcessors (for example: not eligible for auto-proxying)
2020-01-23 09:55:41.308  INFO 18776 --- [main] trationDelegate$BeanPostProcessorChecker : Bean 'tk.mybatis.mapper.autoconfigure.MapperAutoConfiguration' of type [tk.mybatis.mapper.autoconfigure.MapperAutoConfiguration$$EnhancerBySpringCGLIB$$d43dc566] is not eligible for getting processed by all BeanPostProcessors (for example: not eligible for auto-proxying)
2020-01-23 09:55:41.308  INFO 18776 --- [main] trationDelegate$BeanPostProcessorChecker : Bean 'druidConfig' of type [com.backstage.config.druidConfig$$EnhancerBySpringCGLIB$$e641090e] is not eligible for getting processed by all BeanPostProcessors (for example: not eligible for auto-proxying)
2020-01-23 09:55:41.358  INFO 18776 --- [main] trationDelegate$BeanPostProcessorChecker : Bean 'druid' of type [com.alibaba.druid.pool.DruidDataSource] is not eligible for getting processed by all BeanPostProcessors (for example: not eligible for auto-proxying)
2020-01-23 09:55:41.398  INFO 18776 --- [main] trationDelegate$BeanPostProcessorChecker : Bean 'sqlSessionFactory' of type [org.apache.ibatis.session.defaults.DefaultSqlSessionFactory] is not eligible for getting processed by all BeanPostProcessors (for example: not eligible for auto-proxying)
2020-01-23 09:55:41.398  INFO 18776 --- [main] trationDelegate$BeanPostProcessorChecker : Bean 'sqlSessionTemplate' of type [org.mybatis.spring.SqlSessionTemplate] is not eligible for getting processed by all BeanPostProcessors (for example: not eligible for auto-proxying)
2020-01-23 09:55:41.583  INFO 18776 --- [main] trationDelegate$BeanPostProcessorChecker : Bean 'sysUserMapper' of type [tk.mybatis.spring.mapper.MapperFactoryBean] is not eligible for getting processed by all BeanPostProcessors (for example: not eligible for auto-proxying)
2020-01-23 09:55:41.583  INFO 18776 --- [main] trationDelegate$BeanPostProcessorChecker : Bean 'sysUserMapper' of type [com.sun.proxy.$Proxy74] is not eligible for getting processed by all BeanPostProcessors (for example: not eligible for auto-proxying)
2020-01-23 09:55:41.644  INFO 18776 --- [main] trationDelegate$BeanPostProcessorChecker : Bean 'sysUserRoleMapper' of type [tk.mybatis.spring.mapper.MapperFactoryBean] is not eligible for getting processed by all BeanPostProcessors (for example: not eligible for auto-proxying)
2020-01-23 09:55:41.645  INFO 18776 --- [main] trationDelegate$BeanPostProcessorChecker : Bean 'sysUserRoleMapper' of type [com.sun.proxy.$Proxy77] is not eligible for getting processed by all BeanPostProcessors (for example: not eligible for auto-proxying)
2020-01-23 09:55:41.646  INFO 18776 --- [main] trationDelegate$BeanPostProcessorChecker : Bean 'sysUserRoleServiceImpl' of type [com.backstage.service.impl.SysUserRoleServiceImpl] is not eligible for getting processed by all BeanPostProcessors (for example: not eligible for auto-proxying)
2020-01-23 09:55:41.646  INFO 18776 --- [main] trationDelegate$BeanPostProcessorChecker : Bean 'sysUserServiceImpl' of type [com.backstage.service.impl.SysUserServiceImpl] is not eligible for getting processed by all BeanPostProcessors (for example: not eligible for auto-proxying)
2020-01-23 09:55:41.673  INFO 18776 --- [main] trationDelegate$BeanPostProcessorChecker : Bean 'sysRoleMapper' of type [tk.mybatis.spring.mapper.MapperFactoryBean] is not eligible for getting processed by all BeanPostProcessors (for example: not eligible for auto-proxying)
2020-01-23 09:55:41.674  INFO 18776 --- [main] trationDelegate$BeanPostProcessorChecker : Bean 'sysRoleMapper' of type [com.sun.proxy.$Proxy78] is not eligible for getting processed by all BeanPostProcessors (for example: not eligible for auto-proxying)
2020-01-23 09:55:41.700  INFO 18776 --- [main] trationDelegate$BeanPostProcessorChecker : Bean 'sysRolePermissionMapper' of type [tk.mybatis.spring.mapper.MapperFactoryBean] is not eligible for getting processed by all BeanPostProcessors (for example: not eligible for auto-proxying)
2020-01-23 09:55:41.701  INFO 18776 --- [main] trationDelegate$BeanPostProcessorChecker : Bean 'sysRolePermissionMapper' of type [com.sun.proxy.$Proxy79] is not eligible for getting processed by all BeanPostProcessors (for example: not eligible for auto-proxying)
2020-01-23 09:55:41.701  INFO 18776 --- [main] trationDelegate$BeanPostProcessorChecker : Bean 'sysRoleServiceImpl' of type [com.backstage.service.impl.SysRoleServiceImpl] is not eligible for getting processed by all BeanPostProcessors (for example: not eligible for auto-proxying)
2020-01-23 09:55:41.725  INFO 18776 --- [main] trationDelegate$BeanPostProcessorChecker : Bean 'sysPermissionMapper' of type [tk.mybatis.spring.mapper.MapperFactoryBean] is not eligible for getting processed by all BeanPostProcessors (for example: not eligible for auto-proxying)
2020-01-23 09:55:41.726  INFO 18776 --- [main] trationDelegate$BeanPostProcessorChecker : Bean 'sysPermissionMapper' of type [com.sun.proxy.$Proxy80] is not eligible for getting processed by all BeanPostProcessors (for example: not eligible for auto-proxying)
2020-01-23 09:55:41.727  INFO 18776 --- [main] trationDelegate$BeanPostProcessorChecker : Bean 'sysPermissionServiceImpl' of type [com.backstage.service.impl.SysPermissionServiceImpl] is not eligible for getting processed by all BeanPostProcessors (for example: not eligible for auto-proxying)
2020-01-23 09:55:41.728  INFO 18776 --- [main] trationDelegate$BeanPostProcessorChecker : Bean 'sysRolePermissionServiceImpl' of type [com.backstage.service.impl.SysRolePermissionServiceImpl] is not eligible for getting processed by all BeanPostProcessors (for example: not eligible for auto-proxying)
2020-01-23 09:55:41.728  INFO 18776 --- [main] trationDelegate$BeanPostProcessorChecker : Bean 'myShiroRealm' of type [com.backstage.config.shiro.CustomRealm] is not eligible for getting processed by all BeanPostProcessors (for example: not eligible for auto-proxying)
2020-01-23 09:55:41.731  INFO 18776 --- [main] trationDelegate$BeanPostProcessorChecker : Bean 'securityManager' of type [org.apache.shiro.web.mgt.DefaultWebSecurityManager] is not eligible for getting processed by all BeanPostProcessors (for example: not eligible for auto-proxying)
2020-01-23 09:55:41.778  INFO 18776 --- [main] trationDelegate$BeanPostProcessorChecker : Bean 'authorizationAttributeSourceAdvisor' of type [org.apache.shiro.spring.security.interceptor.AuthorizationAttributeSourceAdvisor] is not eligible for getting processed by all BeanPostProcessors (for example: not eligible for auto-proxying)
2020-01-23 09:55:41.831  INFO 18776 --- [main] trationDelegate$BeanPostProcessorChecker : Bean 'org.springframework.transaction.annotation.ProxyTransactionManagementConfiguration' of type [org.springframework.transaction.annotation.ProxyTransactionManagementConfiguration] is not eligible for getting processed by all BeanPostProcessors (for example: not eligible for auto-proxying)
2020-01-23 09:55:42.260  INFO 18776 --- [main] o.s.b.w.embedded.tomcat.TomcatWebServer  : Tomcat initialized with port(s): 8080 (http)
2020-01-23 09:55:42.271  INFO 18776 --- [main] o.apache.catalina.core.StandardService   : Starting service [Tomcat]
2020-01-23 09:55:42.271  INFO 18776 --- [main] org.apache.catalina.core.StandardEngine  : Starting Servlet engine: [Apache Tomcat/9.0.29]
2020-01-23 09:55:42.271  INFO 18776 --- [main] o.a.catalina.core.AprLifecycleListener   : Loaded APR based Apache Tomcat Native library [1.2.23] using APR version [1.7.0].
2020-01-23 09:55:42.271  INFO 18776 --- [main] o.a.catalina.core.AprLifecycleListener   : APR capabilities: IPv6 [true], sendfile [true], accept filters [false], random [true].
2020-01-23 09:55:42.271  INFO 18776 --- [main] o.a.catalina.core.AprLifecycleListener   : APR/OpenSSL configuration: useAprConnector [false], useOpenSSL [true]
2020-01-23 09:55:42.278  INFO 18776 --- [main] o.a.catalina.core.AprLifecycleListener   : OpenSSL successfully initialized [OpenSSL 1.1.1c  28 May 2019]
2020-01-23 09:55:42.460  INFO 18776 --- [main] o.a.c.c.C.[Tomcat].[localhost].[/]       : Initializing Spring embedded WebApplicationContext
2020-01-23 09:55:42.460  INFO 18776 --- [main] o.s.web.context.ContextLoader            : Root WebApplicationContext: initialization completed in 3042 ms
2020-01-23 09:55:42.965  INFO 18776 --- [main] o.s.s.concurrent.ThreadPoolTaskExecutor  : Initializing ExecutorService 'applicationTaskExecutor'
2020-01-23 09:55:43.224  INFO 18776 --- [main] t.m.m.autoconfigure.MapperCacheDisabler  : Clear tk.mybatis.mapper.util.MsUtil CLASS_CACHE cache.
2020-01-23 09:55:43.225  INFO 18776 --- [main] t.m.m.autoconfigure.MapperCacheDisabler  : Clear tk.mybatis.mapper.genid.GenIdUtil CACHE cache.
2020-01-23 09:55:43.226  INFO 18776 --- [main] t.m.m.autoconfigure.MapperCacheDisabler  : Clear tk.mybatis.mapper.version.VersionUtil CACHE cache.
2020-01-23 09:55:43.226  INFO 18776 --- [main] t.m.m.autoconfigure.MapperCacheDisabler  : Clear EntityHelper entityTableMap cache.
2020-01-23 09:55:43.429  INFO 18776 --- [main] o.s.b.w.embedded.tomcat.TomcatWebServer  : Tomcat started on port(s): 8080 (http) with context path ''
2020-01-23 09:55:55.262  INFO 18776 --- [http-nio-8080-exec-1] o.a.c.c.C.[Tomcat].[localhost].[/]       : Initializing Spring DispatcherServlet 'dispatcherServlet'
2020-01-23 09:55:55.262  INFO 18776 --- [http-nio-8080-exec-1] o.s.web.servlet.DispatcherServlet        : Initializing Servlet 'dispatcherServlet'
2020-01-23 09:55:55.271  INFO 18776 --- [http-nio-8080-exec-1] o.s.web.servlet.DispatcherServlet        : Completed initialization in 9 ms
2020-01-23 09:56:06.578  INFO 18776 --- [http-nio-8080-exec-5] com.alibaba.druid.pool.DruidDataSource   : {dataSource-1} inited
2020-01-23 09:57:04.792  WARN 9072 --- [main] o.m.s.mapper.ClassPathMapperScanner      : No MyBatis mapper was found in '[com.backstage]' package. Please check your configuration.
2020-01-23 09:57:04.988  INFO 9072 --- [main] trationDelegate$BeanPostProcessorChecker : Bean 'shiroConfig' of type [com.backstage.config.shiro.shiroConfig$$EnhancerBySpringCGLIB$$3cfa48ec] is not eligible for getting processed by all BeanPostProcessors (for example: not eligible for auto-proxying)
2020-01-23 09:57:05.894  INFO 9072 --- [main] trationDelegate$BeanPostProcessorChecker : Bean 'mybatis-tk.mybatis.mapper.autoconfigure.MybatisProperties' of type [tk.mybatis.mapper.autoconfigure.MybatisProperties] is not eligible for getting processed by all BeanPostProcessors (for example: not eligible for auto-proxying)
2020-01-23 09:57:05.897  INFO 9072 --- [main] trationDelegate$BeanPostProcessorChecker : Bean 'tk.mybatis.mapper.autoconfigure.MapperAutoConfiguration' of type [tk.mybatis.mapper.autoconfigure.MapperAutoConfiguration$$EnhancerBySpringCGLIB$$8dd605d2] is not eligible for getting processed by all BeanPostProcessors (for example: not eligible for auto-proxying)
2020-01-23 09:57:05.900  INFO 9072 --- [main] trationDelegate$BeanPostProcessorChecker : Bean 'druidConfig' of type [com.backstage.config.druidConfig$$EnhancerBySpringCGLIB$$9fd9497a] is not eligible for getting processed by all BeanPostProcessors (for example: not eligible for auto-proxying)
2020-01-23 09:57:05.951  INFO 9072 --- [main] trationDelegate$BeanPostProcessorChecker : Bean 'druid' of type [com.alibaba.druid.pool.DruidDataSource] is not eligible for getting processed by all BeanPostProcessors (for example: not eligible for auto-proxying)
2020-01-23 09:57:05.990  INFO 9072 --- [main] trationDelegate$BeanPostProcessorChecker : Bean 'sqlSessionFactory' of type [org.apache.ibatis.session.defaults.DefaultSqlSessionFactory] is not eligible for getting processed by all BeanPostProcessors (for example: not eligible for auto-proxying)
2020-01-23 09:57:05.995  INFO 9072 --- [main] trationDelegate$BeanPostProcessorChecker : Bean 'sqlSessionTemplate' of type [org.mybatis.spring.SqlSessionTemplate] is not eligible for getting processed by all BeanPostProcessors (for example: not eligible for auto-proxying)
2020-01-23 09:57:06.149  INFO 9072 --- [main] trationDelegate$BeanPostProcessorChecker : Bean 'sysUserMapper' of type [tk.mybatis.spring.mapper.MapperFactoryBean] is not eligible for getting processed by all BeanPostProcessors (for example: not eligible for auto-proxying)
2020-01-23 09:57:06.149  INFO 9072 --- [main] trationDelegate$BeanPostProcessorChecker : Bean 'sysUserMapper' of type [com.sun.proxy.$Proxy74] is not eligible for getting processed by all BeanPostProcessors (for example: not eligible for auto-proxying)
2020-01-23 09:57:06.206  INFO 9072 --- [main] trationDelegate$BeanPostProcessorChecker : Bean 'sysUserRoleMapper' of type [tk.mybatis.spring.mapper.MapperFactoryBean] is not eligible for getting processed by all BeanPostProcessors (for example: not eligible for auto-proxying)
2020-01-23 09:57:06.207  INFO 9072 --- [main] trationDelegate$BeanPostProcessorChecker : Bean 'sysUserRoleMapper' of type [com.sun.proxy.$Proxy77] is not eligible for getting processed by all BeanPostProcessors (for example: not eligible for auto-proxying)
2020-01-23 09:57:06.207  INFO 9072 --- [main] trationDelegate$BeanPostProcessorChecker : Bean 'sysUserRoleServiceImpl' of type [com.backstage.service.impl.SysUserRoleServiceImpl] is not eligible for getting processed by all BeanPostProcessors (for example: not eligible for auto-proxying)
2020-01-23 09:57:06.208  INFO 9072 --- [main] trationDelegate$BeanPostProcessorChecker : Bean 'sysUserServiceImpl' of type [com.backstage.service.impl.SysUserServiceImpl] is not eligible for getting processed by all BeanPostProcessors (for example: not eligible for auto-proxying)
2020-01-23 09:57:06.236  INFO 9072 --- [main] trationDelegate$BeanPostProcessorChecker : Bean 'sysRoleMapper' of type [tk.mybatis.spring.mapper.MapperFactoryBean] is not eligible for getting processed by all BeanPostProcessors (for example: not eligible for auto-proxying)
2020-01-23 09:57:06.237  INFO 9072 --- [main] trationDelegate$BeanPostProcessorChecker : Bean 'sysRoleMapper' of type [com.sun.proxy.$Proxy78] is not eligible for getting processed by all BeanPostProcessors (for example: not eligible for auto-proxying)
2020-01-23 09:57:06.262  INFO 9072 --- [main] trationDelegate$BeanPostProcessorChecker : Bean 'sysRolePermissionMapper' of type [tk.mybatis.spring.mapper.MapperFactoryBean] is not eligible for getting processed by all BeanPostProcessors (for example: not eligible for auto-proxying)
2020-01-23 09:57:06.264  INFO 9072 --- [main] trationDelegate$BeanPostProcessorChecker : Bean 'sysRolePermissionMapper' of type [com.sun.proxy.$Proxy79] is not eligible for getting processed by all BeanPostProcessors (for example: not eligible for auto-proxying)
2020-01-23 09:57:06.264  INFO 9072 --- [main] trationDelegate$BeanPostProcessorChecker : Bean 'sysRoleServiceImpl' of type [com.backstage.service.impl.SysRoleServiceImpl] is not eligible for getting processed by all BeanPostProcessors (for example: not eligible for auto-proxying)
2020-01-23 09:57:06.292  INFO 9072 --- [main] trationDelegate$BeanPostProcessorChecker : Bean 'sysPermissionMapper' of type [tk.mybatis.spring.mapper.MapperFactoryBean] is not eligible for getting processed by all BeanPostProcessors (for example: not eligible for auto-proxying)
2020-01-23 09:57:06.293  INFO 9072 --- [main] trationDelegate$BeanPostProcessorChecker : Bean 'sysPermissionMapper' of type [com.sun.proxy.$Proxy80] is not eligible for getting processed by all BeanPostProcessors (for example: not eligible for auto-proxying)
2020-01-23 09:57:06.294  INFO 9072 --- [main] trationDelegate$BeanPostProcessorChecker : Bean 'sysPermissionServiceImpl' of type [com.backstage.service.impl.SysPermissionServiceImpl] is not eligible for getting processed by all BeanPostProcessors (for example: not eligible for auto-proxying)
2020-01-23 09:57:06.295  INFO 9072 --- [main] trationDelegate$BeanPostProcessorChecker : Bean 'sysRolePermissionServiceImpl' of type [com.backstage.service.impl.SysRolePermissionServiceImpl] is not eligible for getting processed by all BeanPostProcessors (for example: not eligible for auto-proxying)
2020-01-23 09:57:06.295  INFO 9072 --- [main] trationDelegate$BeanPostProcessorChecker : Bean 'myShiroRealm' of type [com.backstage.config.shiro.CustomRealm] is not eligible for getting processed by all BeanPostProcessors (for example: not eligible for auto-proxying)
2020-01-23 09:57:06.298  INFO 9072 --- [main] trationDelegate$BeanPostProcessorChecker : Bean 'securityManager' of type [org.apache.shiro.web.mgt.DefaultWebSecurityManager] is not eligible for getting processed by all BeanPostProcessors (for example: not eligible for auto-proxying)
2020-01-23 09:57:06.338  INFO 9072 --- [main] trationDelegate$BeanPostProcessorChecker : Bean 'authorizationAttributeSourceAdvisor' of type [org.apache.shiro.spring.security.interceptor.AuthorizationAttributeSourceAdvisor] is not eligible for getting processed by all BeanPostProcessors (for example: not eligible for auto-proxying)
2020-01-23 09:57:06.364  INFO 9072 --- [main] trationDelegate$BeanPostProcessorChecker : Bean 'org.springframework.transaction.annotation.ProxyTransactionManagementConfiguration' of type [org.springframework.transaction.annotation.ProxyTransactionManagementConfiguration] is not eligible for getting processed by all BeanPostProcessors (for example: not eligible for auto-proxying)
2020-01-23 09:57:06.722  INFO 9072 --- [main] o.s.b.w.embedded.tomcat.TomcatWebServer  : Tomcat initialized with port(s): 8080 (http)
2020-01-23 09:57:06.729  INFO 9072 --- [main] o.apache.catalina.core.StandardService   : Starting service [Tomcat]
2020-01-23 09:57:06.729  INFO 9072 --- [main] org.apache.catalina.core.StandardEngine  : Starting Servlet engine: [Apache Tomcat/9.0.29]
2020-01-23 09:57:06.731  INFO 9072 --- [main] o.a.catalina.core.AprLifecycleListener   : Loaded APR based Apache Tomcat Native library [1.2.23] using APR version [1.7.0].
2020-01-23 09:57:06.731  INFO 9072 --- [main] o.a.catalina.core.AprLifecycleListener   : APR capabilities: IPv6 [true], sendfile [true], accept filters [false], random [true].
2020-01-23 09:57:06.731  INFO 9072 --- [main] o.a.catalina.core.AprLifecycleListener   : APR/OpenSSL configuration: useAprConnector [false], useOpenSSL [true]
2020-01-23 09:57:06.734  INFO 9072 --- [main] o.a.catalina.core.AprLifecycleListener   : OpenSSL successfully initialized [OpenSSL 1.1.1c  28 May 2019]
2020-01-23 09:57:06.900  INFO 9072 --- [main] o.a.c.c.C.[Tomcat].[localhost].[/]       : Initializing Spring embedded WebApplicationContext
2020-01-23 09:57:06.900  INFO 9072 --- [main] o.s.web.context.ContextLoader            : Root WebApplicationContext: initialization completed in 2733 ms
2020-01-23 09:57:07.324  INFO 9072 --- [main] o.s.s.concurrent.ThreadPoolTaskExecutor  : Initializing ExecutorService 'applicationTaskExecutor'
2020-01-23 09:57:07.576  INFO 9072 --- [main] t.m.m.autoconfigure.MapperCacheDisabler  : Clear tk.mybatis.mapper.util.MsUtil CLASS_CACHE cache.
2020-01-23 09:57:07.577  INFO 9072 --- [main] t.m.m.autoconfigure.MapperCacheDisabler  : Clear tk.mybatis.mapper.genid.GenIdUtil CACHE cache.
2020-01-23 09:57:07.577  INFO 9072 --- [main] t.m.m.autoconfigure.MapperCacheDisabler  : Clear tk.mybatis.mapper.version.VersionUtil CACHE cache.
2020-01-23 09:57:07.577  INFO 9072 --- [main] t.m.m.autoconfigure.MapperCacheDisabler  : Clear EntityHelper entityTableMap cache.
2020-01-23 09:57:07.748  INFO 9072 --- [main] o.s.b.w.embedded.tomcat.TomcatWebServer  : Tomcat started on port(s): 8080 (http) with context path ''
2020-01-23 09:57:21.280  INFO 9072 --- [http-nio-8080-exec-1] o.a.c.c.C.[Tomcat].[localhost].[/]       : Initializing Spring DispatcherServlet 'dispatcherServlet'
2020-01-23 09:57:21.280  INFO 9072 --- [http-nio-8080-exec-1] o.s.web.servlet.DispatcherServlet        : Initializing Servlet 'dispatcherServlet'
2020-01-23 09:57:21.288  INFO 9072 --- [http-nio-8080-exec-1] o.s.web.servlet.DispatcherServlet        : Completed initialization in 8 ms
2020-01-23 09:57:29.809  INFO 9072 --- [http-nio-8080-exec-4] com.alibaba.druid.pool.DruidDataSource   : {dataSource-1} inited
